#! /usr/bin/vvp
:ivl_version "10.2 (stable)";
:ivl_delay_selection "TYPICAL";
:vpi_time_precision - 3;
:vpi_module "system";
:vpi_module "vhdl_sys";
:vpi_module "v2005_math";
:vpi_module "va_math";
S_0x599acd201990 .scope module, "alu_tb" "alu_tb" 2 4;
 .timescale -2 -3;
v0x599acd259020_0 .var "a", 3 0;
v0x599acd259100_0 .var "b", 3 0;
v0x599acd259210_0 .var "cin", 0 0;
v0x599acd259300_0 .net "cout", 0 0, v0x599acd258780_0;  1 drivers
v0x599acd2593a0_0 .net "eqv", 0 0, v0x599acd258820_0;  1 drivers
v0x599acd259490_0 .net "f", 3 0, v0x599acd2588e0_0;  1 drivers
v0x599acd259530_0 .net "g", 3 0, L_0x599acd25ad10;  1 drivers
v0x599acd259620_0 .var "m", 0 0;
v0x599acd2596c0_0 .net "p", 3 0, L_0x599acd25a0a0;  1 drivers
v0x599acd259760_0 .var "s", 3 0;
S_0x599acd2013b0 .scope module, "uut" "alu" 2 14, 3 5 0, S_0x599acd201990;
 .timescale -2 -3;
    .port_info 0 /INPUT 4 "a"
    .port_info 1 /INPUT 4 "b"
    .port_info 2 /INPUT 1 "cin"
    .port_info 3 /INPUT 4 "s"
    .port_info 4 /INPUT 1 "m"
    .port_info 5 /OUTPUT 4 "f"
    .port_info 6 /OUTPUT 1 "cout"
    .port_info 7 /OUTPUT 1 "eqv"
    .port_info 8 /OUTPUT 4 "g"
    .port_info 9 /OUTPUT 4 "p"
L_0x599acd262360 .functor NOT 4, v0x599acd259020_0, C4<0000>, C4<0000>, C4<0000>;
L_0x599acd2623d0 .functor NOT 4, v0x599acd259100_0, C4<0000>, C4<0000>, C4<0000>;
v0x599acd258380_0 .net "a", 3 0, v0x599acd259020_0;  1 drivers
v0x599acd258460_0 .net "abar", 3 0, L_0x599acd262360;  1 drivers
v0x599acd258520_0 .net "b", 3 0, v0x599acd259100_0;  1 drivers
v0x599acd258620_0 .net "bbar", 3 0, L_0x599acd2623d0;  1 drivers
v0x599acd2586e0_0 .net "cin", 0 0, v0x599acd259210_0;  1 drivers
v0x599acd258780_0 .var "cout", 0 0;
v0x599acd258820_0 .var "eqv", 0 0;
v0x599acd2588e0_0 .var "f", 3 0;
v0x599acd2589c0_0 .net "g", 3 0, L_0x599acd25ad10;  alias, 1 drivers
v0x599acd258ab0_0 .net "m", 0 0, v0x599acd259620_0;  1 drivers
v0x599acd258b50_0 .net "p", 3 0, L_0x599acd25a0a0;  alias, 1 drivers
v0x599acd258c40_0 .net "s", 3 0, v0x599acd259760_0;  1 drivers
v0x599acd258d00_0 .net "x", 3 0, L_0x599acd261a00;  1 drivers
v0x599acd258df0_0 .net "y", 0 0, L_0x599acd262270;  1 drivers
E_0x599acd1e3a90 .event edge, v0x599acd257e80_0, v0x599acd258ab0_0, v0x599acd258c40_0;
E_0x599acd1e4090 .event edge, v0x599acd257cc0_0, v0x599acd257be0_0;
S_0x599acd1ec560 .scope module, "gate" "adder" 3 17, 4 7 0, S_0x599acd2013b0;
 .timescale -2 -3;
    .port_info 0 /INPUT 4 "a"
    .port_info 1 /INPUT 4 "b"
    .port_info 2 /INPUT 1 "cin"
    .port_info 3 /OUTPUT 4 "sum"
    .port_info 4 /OUTPUT 1 "cout"
    .port_info 5 /OUTPUT 4 "p"
    .port_info 6 /OUTPUT 4 "g"
L_0x599acd2599a0 .functor XOR 1, L_0x599acd259800, L_0x599acd2598d0, C4<0>, C4<0>;
L_0x599acd259d70 .functor XOR 1, L_0x599acd259ae0, L_0x599acd259c10, C4<0>, C4<0>;
L_0x599acd259f90 .functor XOR 1, L_0x599acd259e10, L_0x599acd259eb0, C4<0>, C4<0>;
L_0x599acd25a3c0 .functor XOR 1, L_0x599acd25a230, L_0x599acd25a320, C4<0>, C4<0>;
L_0x599acd25a6f0 .functor AND 1, L_0x599acd25a550, L_0x599acd25a650, C4<1>, C4<1>;
L_0x599acd25a960 .functor AND 1, L_0x599acd25a7b0, L_0x599acd25a8c0, C4<1>, C4<1>;
L_0x599acd25a850 .functor AND 1, L_0x599acd25aab0, L_0x599acd25abd0, C4<1>, C4<1>;
L_0x599acd25b110 .functor AND 1, L_0x599acd25af30, L_0x599acd25afd0, C4<1>, C4<1>;
L_0x599acd25b2c0 .functor BUFZ 1, v0x599acd259210_0, C4<0>, C4<0>, C4<0>;
L_0x599acd25b550 .functor AND 1, L_0x599acd25b3d0, L_0x599acd25b070, C4<1>, C4<1>;
L_0x599acd25b650 .functor OR 1, L_0x599acd25b330, L_0x599acd25b550, C4<0>, C4<0>;
L_0x599acd25ba80 .functor AND 1, L_0x599acd25b870, L_0x599acd25b910, C4<1>, C4<1>;
L_0x599acd25bc30 .functor OR 1, L_0x599acd25b710, L_0x599acd25ba80, C4<0>, C4<0>;
L_0x599acd25bf60 .functor AND 1, L_0x599acd25bd40, L_0x599acd25bde0, C4<1>, C4<1>;
L_0x599acd25bbc0 .functor AND 1, L_0x599acd25bf60, L_0x599acd25c0f0, C4<1>, C4<1>;
L_0x599acd25c280 .functor OR 1, L_0x599acd25bc30, L_0x599acd25bbc0, C4<0>, C4<0>;
L_0x599acd25ca10 .functor AND 1, L_0x599acd25c5b0, L_0x599acd25c760, C4<1>, C4<1>;
L_0x599acd25cb20 .functor OR 1, L_0x599acd25c420, L_0x599acd25ca10, C4<0>, C4<0>;
L_0x599acd25cf20 .functor AND 1, L_0x599acd25ccd0, L_0x599acd25cd70, C4<1>, C4<1>;
L_0x599acd25d0d0 .functor AND 1, L_0x599acd25cf20, L_0x599acd25d030, C4<1>, C4<1>;
L_0x599acd25d290 .functor OR 1, L_0x599acd25cb20, L_0x599acd25d0d0, C4<0>, C4<0>;
L_0x599acd25d560 .functor AND 1, L_0x599acd25cc30, L_0x599acd25d4c0, C4<1>, C4<1>;
L_0x599acd25d900 .functor AND 1, L_0x599acd25d560, L_0x599acd25d730, C4<1>, C4<1>;
L_0x599acd25dab0 .functor AND 1, L_0x599acd25d900, L_0x599acd25da10, C4<1>, C4<1>;
L_0x599acd25dc90 .functor OR 1, L_0x599acd25d290, L_0x599acd25dab0, C4<0>, C4<0>;
L_0x599acd25e3a0 .functor AND 1, L_0x599acd25e110, L_0x599acd25e300, C4<1>, C4<1>;
L_0x599acd25e590 .functor OR 1, L_0x599acd25e070, L_0x599acd25e3a0, C4<0>, C4<0>;
L_0x599acd25e940 .functor AND 1, L_0x599acd25e6a0, L_0x599acd25e8a0, C4<1>, C4<1>;
L_0x599acd25ed50 .functor AND 1, L_0x599acd25e940, L_0x599acd25eb40, C4<1>, C4<1>;
L_0x599acd25ee60 .functor OR 1, L_0x599acd25e590, L_0x599acd25ed50, C4<0>, C4<0>;
L_0x599acd25f330 .functor AND 1, L_0x599acd25f070, L_0x599acd25f110, C4<1>, C4<1>;
L_0x599acd25f4e0 .functor AND 1, L_0x599acd25f330, L_0x599acd25f440, C4<1>, C4<1>;
L_0x599acd25f930 .functor AND 1, L_0x599acd25f4e0, L_0x599acd25f700, C4<1>, C4<1>;
L_0x599acd25fa40 .functor OR 1, L_0x599acd25ee60, L_0x599acd25f930, C4<0>, C4<0>;
L_0x599acd25ff50 .functor AND 1, L_0x599acd25fc70, L_0x599acd25fd10, C4<1>, C4<1>;
L_0x599acd260100 .functor AND 1, L_0x599acd25ff50, L_0x599acd260060, C4<1>, C4<1>;
L_0x599acd260590 .functor AND 1, L_0x599acd260100, L_0x599acd260340, C4<1>, C4<1>;
L_0x599acd260740 .functor AND 1, L_0x599acd260590, L_0x599acd2606a0, C4<1>, C4<1>;
L_0x599acd260990 .functor OR 1, L_0x599acd25fa40, L_0x599acd260740, C4<0>, C4<0>;
L_0x599acd260df0 .functor XOR 1, L_0x599acd260af0, L_0x599acd260d50, C4<0>, C4<0>;
L_0x599acd261360 .functor XOR 1, L_0x599acd261050, L_0x599acd2612c0, C4<0>, C4<0>;
L_0x599acd261790 .functor XOR 1, L_0x599acd261470, L_0x599acd2616f0, C4<0>, C4<0>;
L_0x599acd262110 .functor XOR 1, L_0x599acd261dd0, L_0x599acd261e70, C4<0>, C4<0>;
v0x599acd1ec7e0_0 .net *"_s101", 0 0, L_0x599acd25c0f0;  1 drivers
v0x599acd251e10_0 .net *"_s102", 0 0, L_0x599acd25bbc0;  1 drivers
v0x599acd251ef0_0 .net *"_s104", 0 0, L_0x599acd25c280;  1 drivers
v0x599acd251fb0_0 .net *"_s109", 0 0, L_0x599acd25c420;  1 drivers
v0x599acd252090_0 .net *"_s11", 0 0, L_0x599acd259ae0;  1 drivers
v0x599acd2521c0_0 .net *"_s111", 0 0, L_0x599acd25c5b0;  1 drivers
v0x599acd2522a0_0 .net *"_s113", 0 0, L_0x599acd25c760;  1 drivers
v0x599acd252380_0 .net *"_s114", 0 0, L_0x599acd25ca10;  1 drivers
v0x599acd252460_0 .net *"_s116", 0 0, L_0x599acd25cb20;  1 drivers
v0x599acd252540_0 .net *"_s119", 0 0, L_0x599acd25ccd0;  1 drivers
v0x599acd252620_0 .net *"_s121", 0 0, L_0x599acd25cd70;  1 drivers
v0x599acd252700_0 .net *"_s122", 0 0, L_0x599acd25cf20;  1 drivers
v0x599acd2527e0_0 .net *"_s125", 0 0, L_0x599acd25d030;  1 drivers
v0x599acd2528c0_0 .net *"_s126", 0 0, L_0x599acd25d0d0;  1 drivers
v0x599acd2529a0_0 .net *"_s128", 0 0, L_0x599acd25d290;  1 drivers
v0x599acd252a80_0 .net *"_s13", 0 0, L_0x599acd259c10;  1 drivers
v0x599acd252b60_0 .net *"_s131", 0 0, L_0x599acd25cc30;  1 drivers
v0x599acd252c40_0 .net *"_s133", 0 0, L_0x599acd25d4c0;  1 drivers
v0x599acd252d20_0 .net *"_s134", 0 0, L_0x599acd25d560;  1 drivers
v0x599acd252e00_0 .net *"_s137", 0 0, L_0x599acd25d730;  1 drivers
v0x599acd252ee0_0 .net *"_s138", 0 0, L_0x599acd25d900;  1 drivers
v0x599acd252fc0_0 .net *"_s14", 0 0, L_0x599acd259d70;  1 drivers
v0x599acd2530a0_0 .net *"_s141", 0 0, L_0x599acd25da10;  1 drivers
v0x599acd253180_0 .net *"_s142", 0 0, L_0x599acd25dab0;  1 drivers
v0x599acd253260_0 .net *"_s144", 0 0, L_0x599acd25dc90;  1 drivers
v0x599acd253340_0 .net *"_s150", 0 0, L_0x599acd25e070;  1 drivers
v0x599acd253420_0 .net *"_s152", 0 0, L_0x599acd25e110;  1 drivers
v0x599acd253500_0 .net *"_s154", 0 0, L_0x599acd25e300;  1 drivers
v0x599acd2535e0_0 .net *"_s155", 0 0, L_0x599acd25e3a0;  1 drivers
v0x599acd2536c0_0 .net *"_s157", 0 0, L_0x599acd25e590;  1 drivers
v0x599acd2537a0_0 .net *"_s160", 0 0, L_0x599acd25e6a0;  1 drivers
v0x599acd253880_0 .net *"_s162", 0 0, L_0x599acd25e8a0;  1 drivers
v0x599acd253960_0 .net *"_s163", 0 0, L_0x599acd25e940;  1 drivers
v0x599acd253c50_0 .net *"_s166", 0 0, L_0x599acd25eb40;  1 drivers
v0x599acd253d30_0 .net *"_s167", 0 0, L_0x599acd25ed50;  1 drivers
v0x599acd253e10_0 .net *"_s169", 0 0, L_0x599acd25ee60;  1 drivers
v0x599acd253ef0_0 .net *"_s172", 0 0, L_0x599acd25f070;  1 drivers
v0x599acd253fd0_0 .net *"_s174", 0 0, L_0x599acd25f110;  1 drivers
v0x599acd2540b0_0 .net *"_s175", 0 0, L_0x599acd25f330;  1 drivers
v0x599acd254190_0 .net *"_s178", 0 0, L_0x599acd25f440;  1 drivers
v0x599acd254270_0 .net *"_s179", 0 0, L_0x599acd25f4e0;  1 drivers
v0x599acd254350_0 .net *"_s182", 0 0, L_0x599acd25f700;  1 drivers
v0x599acd254430_0 .net *"_s183", 0 0, L_0x599acd25f930;  1 drivers
v0x599acd254510_0 .net *"_s185", 0 0, L_0x599acd25fa40;  1 drivers
v0x599acd2545f0_0 .net *"_s188", 0 0, L_0x599acd25fc70;  1 drivers
v0x599acd2546d0_0 .net *"_s19", 0 0, L_0x599acd259e10;  1 drivers
v0x599acd2547b0_0 .net *"_s190", 0 0, L_0x599acd25fd10;  1 drivers
v0x599acd254890_0 .net *"_s191", 0 0, L_0x599acd25ff50;  1 drivers
v0x599acd254970_0 .net *"_s194", 0 0, L_0x599acd260060;  1 drivers
v0x599acd254a50_0 .net *"_s195", 0 0, L_0x599acd260100;  1 drivers
v0x599acd254b30_0 .net *"_s198", 0 0, L_0x599acd260340;  1 drivers
v0x599acd254c10_0 .net *"_s199", 0 0, L_0x599acd260590;  1 drivers
v0x599acd254cf0_0 .net *"_s202", 0 0, L_0x599acd2606a0;  1 drivers
v0x599acd254dd0_0 .net *"_s203", 0 0, L_0x599acd260740;  1 drivers
v0x599acd254eb0_0 .net *"_s205", 0 0, L_0x599acd260990;  1 drivers
v0x599acd254f90_0 .net *"_s21", 0 0, L_0x599acd259eb0;  1 drivers
v0x599acd255070_0 .net *"_s210", 0 0, L_0x599acd260af0;  1 drivers
v0x599acd255150_0 .net *"_s212", 0 0, L_0x599acd260d50;  1 drivers
v0x599acd255230_0 .net *"_s213", 0 0, L_0x599acd260df0;  1 drivers
v0x599acd255310_0 .net *"_s218", 0 0, L_0x599acd261050;  1 drivers
v0x599acd2553f0_0 .net *"_s22", 0 0, L_0x599acd259f90;  1 drivers
v0x599acd2554d0_0 .net *"_s220", 0 0, L_0x599acd2612c0;  1 drivers
v0x599acd2555b0_0 .net *"_s221", 0 0, L_0x599acd261360;  1 drivers
v0x599acd255690_0 .net *"_s226", 0 0, L_0x599acd261470;  1 drivers
v0x599acd255770_0 .net *"_s228", 0 0, L_0x599acd2616f0;  1 drivers
v0x599acd255c60_0 .net *"_s229", 0 0, L_0x599acd261790;  1 drivers
v0x599acd255d40_0 .net *"_s235", 0 0, L_0x599acd261dd0;  1 drivers
v0x599acd255e20_0 .net *"_s237", 0 0, L_0x599acd261e70;  1 drivers
v0x599acd255f00_0 .net *"_s238", 0 0, L_0x599acd262110;  1 drivers
v0x599acd255fe0_0 .net *"_s28", 0 0, L_0x599acd25a230;  1 drivers
v0x599acd2560c0_0 .net *"_s3", 0 0, L_0x599acd259800;  1 drivers
v0x599acd2561a0_0 .net *"_s30", 0 0, L_0x599acd25a320;  1 drivers
v0x599acd256280_0 .net *"_s31", 0 0, L_0x599acd25a3c0;  1 drivers
v0x599acd256360_0 .net *"_s36", 0 0, L_0x599acd25a550;  1 drivers
v0x599acd256440_0 .net *"_s38", 0 0, L_0x599acd25a650;  1 drivers
v0x599acd256520_0 .net *"_s39", 0 0, L_0x599acd25a6f0;  1 drivers
v0x599acd256600_0 .net *"_s44", 0 0, L_0x599acd25a7b0;  1 drivers
v0x599acd2566e0_0 .net *"_s46", 0 0, L_0x599acd25a8c0;  1 drivers
v0x599acd2567c0_0 .net *"_s47", 0 0, L_0x599acd25a960;  1 drivers
v0x599acd2568a0_0 .net *"_s5", 0 0, L_0x599acd2598d0;  1 drivers
v0x599acd256980_0 .net *"_s52", 0 0, L_0x599acd25aab0;  1 drivers
v0x599acd256a60_0 .net *"_s54", 0 0, L_0x599acd25abd0;  1 drivers
v0x599acd256b40_0 .net *"_s55", 0 0, L_0x599acd25a850;  1 drivers
v0x599acd256c20_0 .net *"_s6", 0 0, L_0x599acd2599a0;  1 drivers
v0x599acd256d00_0 .net *"_s61", 0 0, L_0x599acd25af30;  1 drivers
v0x599acd256de0_0 .net *"_s63", 0 0, L_0x599acd25afd0;  1 drivers
v0x599acd256ec0_0 .net *"_s64", 0 0, L_0x599acd25b110;  1 drivers
v0x599acd256fa0_0 .net *"_s69", 0 0, L_0x599acd25b2c0;  1 drivers
v0x599acd257080_0 .net *"_s73", 0 0, L_0x599acd25b330;  1 drivers
v0x599acd257160_0 .net *"_s75", 0 0, L_0x599acd25b3d0;  1 drivers
v0x599acd257240_0 .net *"_s77", 0 0, L_0x599acd25b070;  1 drivers
v0x599acd257320_0 .net *"_s78", 0 0, L_0x599acd25b550;  1 drivers
v0x599acd257400_0 .net *"_s80", 0 0, L_0x599acd25b650;  1 drivers
v0x599acd2574e0_0 .net *"_s85", 0 0, L_0x599acd25b710;  1 drivers
v0x599acd2575c0_0 .net *"_s87", 0 0, L_0x599acd25b870;  1 drivers
v0x599acd2576a0_0 .net *"_s89", 0 0, L_0x599acd25b910;  1 drivers
v0x599acd257780_0 .net *"_s90", 0 0, L_0x599acd25ba80;  1 drivers
v0x599acd257860_0 .net *"_s92", 0 0, L_0x599acd25bc30;  1 drivers
v0x599acd257940_0 .net *"_s95", 0 0, L_0x599acd25bd40;  1 drivers
v0x599acd257a20_0 .net *"_s97", 0 0, L_0x599acd25bde0;  1 drivers
v0x599acd257b00_0 .net *"_s98", 0 0, L_0x599acd25bf60;  1 drivers
v0x599acd257be0_0 .net "a", 3 0, v0x599acd259020_0;  alias, 1 drivers
v0x599acd257cc0_0 .net "b", 3 0, v0x599acd259100_0;  alias, 1 drivers
v0x599acd257da0_0 .net "c", 4 0, L_0x599acd25dda0;  1 drivers
v0x599acd257e80_0 .net "cin", 0 0, v0x599acd259210_0;  alias, 1 drivers
v0x599acd257f40_0 .net "cout", 0 0, L_0x599acd262270;  alias, 1 drivers
v0x599acd258000_0 .net "g", 3 0, L_0x599acd25ad10;  alias, 1 drivers
v0x599acd2580e0_0 .net "p", 3 0, L_0x599acd25a0a0;  alias, 1 drivers
v0x599acd2581c0_0 .net "sum", 3 0, L_0x599acd261a00;  alias, 1 drivers
L_0x599acd259800 .part v0x599acd259020_0, 0, 1;
L_0x599acd2598d0 .part v0x599acd259100_0, 0, 1;
L_0x599acd259ae0 .part v0x599acd259020_0, 1, 1;
L_0x599acd259c10 .part v0x599acd259100_0, 1, 1;
L_0x599acd259e10 .part v0x599acd259020_0, 2, 1;
L_0x599acd259eb0 .part v0x599acd259100_0, 2, 1;
L_0x599acd25a0a0 .concat8 [ 1 1 1 1], L_0x599acd2599a0, L_0x599acd259d70, L_0x599acd259f90, L_0x599acd25a3c0;
L_0x599acd25a230 .part v0x599acd259020_0, 3, 1;
L_0x599acd25a320 .part v0x599acd259100_0, 3, 1;
L_0x599acd25a550 .part v0x599acd259020_0, 0, 1;
L_0x599acd25a650 .part v0x599acd259100_0, 0, 1;
L_0x599acd25a7b0 .part v0x599acd259020_0, 1, 1;
L_0x599acd25a8c0 .part v0x599acd259100_0, 1, 1;
L_0x599acd25aab0 .part v0x599acd259020_0, 2, 1;
L_0x599acd25abd0 .part v0x599acd259100_0, 2, 1;
L_0x599acd25ad10 .concat8 [ 1 1 1 1], L_0x599acd25a6f0, L_0x599acd25a960, L_0x599acd25a850, L_0x599acd25b110;
L_0x599acd25af30 .part v0x599acd259020_0, 3, 1;
L_0x599acd25afd0 .part v0x599acd259100_0, 3, 1;
L_0x599acd25b330 .part L_0x599acd25ad10, 0, 1;
L_0x599acd25b3d0 .part L_0x599acd25a0a0, 0, 1;
L_0x599acd25b070 .part L_0x599acd25dda0, 0, 1;
L_0x599acd25b710 .part L_0x599acd25ad10, 1, 1;
L_0x599acd25b870 .part L_0x599acd25a0a0, 1, 1;
L_0x599acd25b910 .part L_0x599acd25ad10, 0, 1;
L_0x599acd25bd40 .part L_0x599acd25a0a0, 1, 1;
L_0x599acd25bde0 .part L_0x599acd25a0a0, 0, 1;
L_0x599acd25c0f0 .part L_0x599acd25dda0, 0, 1;
L_0x599acd25c420 .part L_0x599acd25ad10, 2, 1;
L_0x599acd25c5b0 .part L_0x599acd25a0a0, 2, 1;
L_0x599acd25c760 .part L_0x599acd25ad10, 1, 1;
L_0x599acd25ccd0 .part L_0x599acd25a0a0, 2, 1;
L_0x599acd25cd70 .part L_0x599acd25a0a0, 1, 1;
L_0x599acd25d030 .part L_0x599acd25ad10, 0, 1;
L_0x599acd25cc30 .part L_0x599acd25a0a0, 2, 1;
L_0x599acd25d4c0 .part L_0x599acd25a0a0, 1, 1;
L_0x599acd25d730 .part L_0x599acd25a0a0, 0, 1;
L_0x599acd25da10 .part L_0x599acd25dda0, 0, 1;
LS_0x599acd25dda0_0_0 .concat8 [ 1 1 1 1], L_0x599acd25b2c0, L_0x599acd25b650, L_0x599acd25c280, L_0x599acd25dc90;
LS_0x599acd25dda0_0_4 .concat8 [ 1 0 0 0], L_0x599acd260990;
L_0x599acd25dda0 .concat8 [ 4 1 0 0], LS_0x599acd25dda0_0_0, LS_0x599acd25dda0_0_4;
L_0x599acd25e070 .part L_0x599acd25ad10, 3, 1;
L_0x599acd25e110 .part L_0x599acd25a0a0, 3, 1;
L_0x599acd25e300 .part L_0x599acd25ad10, 2, 1;
L_0x599acd25e6a0 .part L_0x599acd25a0a0, 3, 1;
L_0x599acd25e8a0 .part L_0x599acd25a0a0, 2, 1;
L_0x599acd25eb40 .part L_0x599acd25ad10, 1, 1;
L_0x599acd25f070 .part L_0x599acd25a0a0, 3, 1;
L_0x599acd25f110 .part L_0x599acd25a0a0, 2, 1;
L_0x599acd25f440 .part L_0x599acd25ad10, 1, 1;
L_0x599acd25f700 .part L_0x599acd25ad10, 0, 1;
L_0x599acd25fc70 .part L_0x599acd25a0a0, 3, 1;
L_0x599acd25fd10 .part L_0x599acd25a0a0, 2, 1;
L_0x599acd260060 .part L_0x599acd25a0a0, 1, 1;
L_0x599acd260340 .part L_0x599acd25a0a0, 0, 1;
L_0x599acd2606a0 .part L_0x599acd25dda0, 0, 1;
L_0x599acd260af0 .part L_0x599acd25a0a0, 0, 1;
L_0x599acd260d50 .part L_0x599acd25dda0, 0, 1;
L_0x599acd261050 .part L_0x599acd25a0a0, 1, 1;
L_0x599acd2612c0 .part L_0x599acd25dda0, 1, 1;
L_0x599acd261470 .part L_0x599acd25a0a0, 2, 1;
L_0x599acd2616f0 .part L_0x599acd25dda0, 2, 1;
L_0x599acd261a00 .concat8 [ 1 1 1 1], L_0x599acd260df0, L_0x599acd261360, L_0x599acd261790, L_0x599acd262110;
L_0x599acd261dd0 .part L_0x599acd25a0a0, 3, 1;
L_0x599acd261e70 .part L_0x599acd25dda0, 3, 1;
L_0x599acd262270 .part L_0x599acd25dda0, 4, 1;
    .scope S_0x599acd2013b0;
T_0 ;
    %pushi/vec4 0, 0, 1;
    %store/vec4 v0x599acd258780_0, 0, 1;
    %end;
    .thread T_0;
    .scope S_0x599acd2013b0;
T_1 ;
    %wait E_0x599acd1e4090;
    %load/vec4 v0x599acd258380_0;
    %load/vec4 v0x599acd258520_0;
    %cmp/e;
    %jmp/0xz  T_1.0, 6;
    %pushi/vec4 1, 0, 1;
    %store/vec4 v0x599acd258820_0, 0, 1;
    %jmp T_1.1;
T_1.0 ;
    %pushi/vec4 0, 0, 1;
    %store/vec4 v0x599acd258820_0, 0, 1;
T_1.1 ;
    %jmp T_1;
    .thread T_1, $push;
    .scope S_0x599acd2013b0;
T_2 ;
    %wait E_0x599acd1e3a90;
    %load/vec4 v0x599acd258c40_0;
    %load/vec4 v0x599acd258ab0_0;
    %concat/vec4; draw_concat_vec4
    %load/vec4 v0x599acd2586e0_0;
    %concat/vec4; draw_concat_vec4
    %dup/vec4;
    %pushi/vec4 0, 0, 6;
    %cmp/x;
    %jmp/1 T_2.0, 4;
    %dup/vec4;
    %pushi/vec4 1, 0, 6;
    %cmp/x;
    %jmp/1 T_2.1, 4;
    %dup/vec4;
    %pushi/vec4 3, 1, 6;
    %cmp/x;
    %jmp/1 T_2.2, 4;
    %dup/vec4;
    %pushi/vec4 4, 0, 6;
    %cmp/x;
    %jmp/1 T_2.3, 4;
    %dup/vec4;
    %pushi/vec4 5, 0, 6;
    %cmp/x;
    %jmp/1 T_2.4, 4;
    %dup/vec4;
    %pushi/vec4 7, 1, 6;
    %cmp/x;
    %jmp/1 T_2.5, 4;
    %dup/vec4;
    %pushi/vec4 8, 0, 6;
    %cmp/x;
    %jmp/1 T_2.6, 4;
    %dup/vec4;
    %pushi/vec4 9, 0, 6;
    %cmp/x;
    %jmp/1 T_2.7, 4;
    %dup/vec4;
    %pushi/vec4 11, 1, 6;
    %cmp/x;
    %jmp/1 T_2.8, 4;
    %dup/vec4;
    %pushi/vec4 12, 0, 6;
    %cmp/x;
    %jmp/1 T_2.9, 4;
    %dup/vec4;
    %pushi/vec4 13, 0, 6;
    %cmp/x;
    %jmp/1 T_2.10, 4;
    %dup/vec4;
    %pushi/vec4 15, 1, 6;
    %cmp/x;
    %jmp/1 T_2.11, 4;
    %dup/vec4;
    %pushi/vec4 16, 0, 6;
    %cmp/x;
    %jmp/1 T_2.12, 4;
    %dup/vec4;
    %pushi/vec4 17, 0, 6;
    %cmp/x;
    %jmp/1 T_2.13, 4;
    %dup/vec4;
    %pushi/vec4 19, 1, 6;
    %cmp/x;
    %jmp/1 T_2.14, 4;
    %dup/vec4;
    %pushi/vec4 20, 0, 6;
    %cmp/x;
    %jmp/1 T_2.15, 4;
    %dup/vec4;
    %pushi/vec4 21, 0, 6;
    %cmp/x;
    %jmp/1 T_2.16, 4;
    %dup/vec4;
    %pushi/vec4 23, 1, 6;
    %cmp/x;
    %jmp/1 T_2.17, 4;
    %dup/vec4;
    %pushi/vec4 24, 0, 6;
    %cmp/x;
    %jmp/1 T_2.18, 4;
    %dup/vec4;
    %pushi/vec4 25, 0, 6;
    %cmp/x;
    %jmp/1 T_2.19, 4;
    %dup/vec4;
    %pushi/vec4 27, 1, 6;
    %cmp/x;
    %jmp/1 T_2.20, 4;
    %dup/vec4;
    %pushi/vec4 28, 0, 6;
    %cmp/x;
    %jmp/1 T_2.21, 4;
    %dup/vec4;
    %pushi/vec4 29, 0, 6;
    %cmp/x;
    %jmp/1 T_2.22, 4;
    %dup/vec4;
    %pushi/vec4 31, 1, 6;
    %cmp/x;
    %jmp/1 T_2.23, 4;
    %dup/vec4;
    %pushi/vec4 32, 0, 6;
    %cmp/x;
    %jmp/1 T_2.24, 4;
    %dup/vec4;
    %pushi/vec4 33, 0, 6;
    %cmp/x;
    %jmp/1 T_2.25, 4;
    %dup/vec4;
    %pushi/vec4 35, 1, 6;
    %cmp/x;
    %jmp/1 T_2.26, 4;
    %dup/vec4;
    %pushi/vec4 36, 0, 6;
    %cmp/x;
    %jmp/1 T_2.27, 4;
    %dup/vec4;
    %pushi/vec4 37, 0, 6;
    %cmp/x;
    %jmp/1 T_2.28, 4;
    %dup/vec4;
    %pushi/vec4 39, 1, 6;
    %cmp/x;
    %jmp/1 T_2.29, 4;
    %dup/vec4;
    %pushi/vec4 40, 0, 6;
    %cmp/x;
    %jmp/1 T_2.30, 4;
    %dup/vec4;
    %pushi/vec4 41, 0, 6;
    %cmp/x;
    %jmp/1 T_2.31, 4;
    %dup/vec4;
    %pushi/vec4 43, 1, 6;
    %cmp/x;
    %jmp/1 T_2.32, 4;
    %dup/vec4;
    %pushi/vec4 44, 0, 6;
    %cmp/x;
    %jmp/1 T_2.33, 4;
    %dup/vec4;
    %pushi/vec4 45, 0, 6;
    %cmp/x;
    %jmp/1 T_2.34, 4;
    %dup/vec4;
    %pushi/vec4 47, 1, 6;
    %cmp/x;
    %jmp/1 T_2.35, 4;
    %dup/vec4;
    %pushi/vec4 48, 0, 6;
    %cmp/x;
    %jmp/1 T_2.36, 4;
    %dup/vec4;
    %pushi/vec4 49, 0, 6;
    %cmp/x;
    %jmp/1 T_2.37, 4;
    %dup/vec4;
    %pushi/vec4 51, 1, 6;
    %cmp/x;
    %jmp/1 T_2.38, 4;
    %dup/vec4;
    %pushi/vec4 52, 0, 6;
    %cmp/x;
    %jmp/1 T_2.39, 4;
    %dup/vec4;
    %pushi/vec4 53, 0, 6;
    %cmp/x;
    %jmp/1 T_2.40, 4;
    %dup/vec4;
    %pushi/vec4 55, 1, 6;
    %cmp/x;
    %jmp/1 T_2.41, 4;
    %dup/vec4;
    %pushi/vec4 56, 0, 6;
    %cmp/x;
    %jmp/1 T_2.42, 4;
    %dup/vec4;
    %pushi/vec4 57, 0, 6;
    %cmp/x;
    %jmp/1 T_2.43, 4;
    %dup/vec4;
    %pushi/vec4 59, 1, 6;
    %cmp/x;
    %jmp/1 T_2.44, 4;
    %dup/vec4;
    %pushi/vec4 60, 0, 6;
    %cmp/x;
    %jmp/1 T_2.45, 4;
    %dup/vec4;
    %pushi/vec4 61, 0, 6;
    %cmp/x;
    %jmp/1 T_2.46, 4;
    %dup/vec4;
    %pushi/vec4 63, 1, 6;
    %cmp/x;
    %jmp/1 T_2.47, 4;
    %vpi_call 3 181 "$display", "invalid input case provided by user" {0 0 0};
    %jmp T_2.49;
T_2.0 ;
    %load/vec4 v0x599acd258380_0;
    %pad/u 5;
    %split/vec4 4;
    %store/vec4 v0x599acd2588e0_0, 0, 4;
    %store/vec4 v0x599acd258780_0, 0, 1;
    %jmp T_2.49;
T_2.1 ;
    %load/vec4 v0x599acd258380_0;
    %pad/u 5;
    %addi 1, 0, 5;
    %split/vec4 4;
    %store/vec4 v0x599acd2588e0_0, 0, 4;
    %store/vec4 v0x599acd258780_0, 0, 1;
    %jmp T_2.49;
T_2.2 ;
    %load/vec4 v0x599acd258460_0;
    %pad/u 5;
    %split/vec4 4;
    %store/vec4 v0x599acd2588e0_0, 0, 4;
    %store/vec4 v0x599acd258780_0, 0, 1;
    %jmp T_2.49;
T_2.3 ;
    %load/vec4 v0x599acd258380_0;
    %pad/u 5;
    %load/vec4 v0x599acd258520_0;
    %pad/u 5;
    %or;
    %split/vec4 4;
    %store/vec4 v0x599acd2588e0_0, 0, 4;
    %store/vec4 v0x599acd258780_0, 0, 1;
    %jmp T_2.49;
T_2.4 ;
    %load/vec4 v0x599acd258380_0;
    %pad/u 5;
    %load/vec4 v0x599acd258520_0;
    %pad/u 5;
    %or;
    %addi 1, 0, 5;
    %split/vec4 4;
    %store/vec4 v0x599acd2588e0_0, 0, 4;
    %store/vec4 v0x599acd258780_0, 0, 1;
    %jmp T_2.49;
T_2.5 ;
    %load/vec4 v0x599acd258380_0;
    %pad/u 5;
    %load/vec4 v0x599acd258520_0;
    %pad/u 5;
    %or;
    %inv;
    %split/vec4 4;
    %store/vec4 v0x599acd2588e0_0, 0, 4;
    %store/vec4 v0x599acd258780_0, 0, 1;
    %jmp T_2.49;
T_2.6 ;
    %load/vec4 v0x599acd258460_0;
    %pad/u 5;
    %load/vec4 v0x599acd258520_0;
    %pad/u 5;
    %or;
    %split/vec4 4;
    %store/vec4 v0x599acd2588e0_0, 0, 4;
    %store/vec4 v0x599acd258780_0, 0, 1;
    %jmp T_2.49;
T_2.7 ;
    %load/vec4 v0x599acd258460_0;
    %pad/u 5;
    %load/vec4 v0x599acd258520_0;
    %pad/u 5;
    %or;
    %addi 1, 0, 5;
    %split/vec4 4;
    %store/vec4 v0x599acd2588e0_0, 0, 4;
    %store/vec4 v0x599acd258780_0, 0, 1;
    %jmp T_2.49;
T_2.8 ;
    %load/vec4 v0x599acd258460_0;
    %pad/u 5;
    %load/vec4 v0x599acd258520_0;
    %pad/u 5;
    %and;
    %split/vec4 4;
    %store/vec4 v0x599acd2588e0_0, 0, 4;
    %store/vec4 v0x599acd258780_0, 0, 1;
    %jmp T_2.49;
T_2.9 ;
    %pushi/vec4 31, 0, 5;
    %split/vec4 4;
    %store/vec4 v0x599acd2588e0_0, 0, 4;
    %store/vec4 v0x599acd258780_0, 0, 1;
    %jmp T_2.49;
T_2.10 ;
    %pushi/vec4 0, 0, 5;
    %split/vec4 4;
    %store/vec4 v0x599acd2588e0_0, 0, 4;
    %store/vec4 v0x599acd258780_0, 0, 1;
    %jmp T_2.49;
T_2.11 ;
    %pushi/vec4 0, 0, 5;
    %split/vec4 4;
    %store/vec4 v0x599acd2588e0_0, 0, 4;
    %store/vec4 v0x599acd258780_0, 0, 1;
    %jmp T_2.49;
T_2.12 ;
    %load/vec4 v0x599acd258380_0;
    %pad/u 5;
    %load/vec4 v0x599acd258380_0;
    %pad/u 5;
    %load/vec4 v0x599acd258620_0;
    %pad/u 5;
    %and;
    %add;
    %split/vec4 4;
    %store/vec4 v0x599acd2588e0_0, 0, 4;
    %store/vec4 v0x599acd258780_0, 0, 1;
    %jmp T_2.49;
T_2.13 ;
    %load/vec4 v0x599acd258380_0;
    %pad/u 5;
    %load/vec4 v0x599acd258380_0;
    %pad/u 5;
    %load/vec4 v0x599acd258620_0;
    %pad/u 5;
    %and;
    %add;
    %addi 1, 0, 5;
    %split/vec4 4;
    %store/vec4 v0x599acd2588e0_0, 0, 4;
    %store/vec4 v0x599acd258780_0, 0, 1;
    %jmp T_2.49;
T_2.14 ;
    %load/vec4 v0x599acd258380_0;
    %pad/u 5;
    %load/vec4 v0x599acd258520_0;
    %pad/u 5;
    %and;
    %inv;
    %split/vec4 4;
    %store/vec4 v0x599acd2588e0_0, 0, 4;
    %store/vec4 v0x599acd258780_0, 0, 1;
    %jmp T_2.49;
T_2.15 ;
    %load/vec4 v0x599acd258380_0;
    %pad/u 5;
    %load/vec4 v0x599acd258520_0;
    %pad/u 5;
    %or;
    %load/vec4 v0x599acd258380_0;
    %pad/u 5;
    %load/vec4 v0x599acd258620_0;
    %pad/u 5;
    %and;
    %add;
    %split/vec4 4;
    %store/vec4 v0x599acd2588e0_0, 0, 4;
    %store/vec4 v0x599acd258780_0, 0, 1;
    %jmp T_2.49;
T_2.16 ;
    %load/vec4 v0x599acd258380_0;
    %pad/u 5;
    %load/vec4 v0x599acd258520_0;
    %pad/u 5;
    %or;
    %load/vec4 v0x599acd258380_0;
    %pad/u 5;
    %load/vec4 v0x599acd258620_0;
    %pad/u 5;
    %and;
    %add;
    %addi 1, 0, 5;
    %split/vec4 4;
    %store/vec4 v0x599acd2588e0_0, 0, 4;
    %store/vec4 v0x599acd258780_0, 0, 1;
    %jmp T_2.49;
T_2.17 ;
    %load/vec4 v0x599acd258620_0;
    %pad/u 5;
    %split/vec4 4;
    %store/vec4 v0x599acd2588e0_0, 0, 4;
    %store/vec4 v0x599acd258780_0, 0, 1;
    %jmp T_2.49;
T_2.18 ;
    %load/vec4 v0x599acd258380_0;
    %pad/u 5;
    %load/vec4 v0x599acd258520_0;
    %pad/u 5;
    %sub;
    %subi 1, 0, 5;
    %split/vec4 4;
    %store/vec4 v0x599acd2588e0_0, 0, 4;
    %store/vec4 v0x599acd258780_0, 0, 1;
    %jmp T_2.49;
T_2.19 ;
    %load/vec4 v0x599acd258380_0;
    %pad/u 5;
    %load/vec4 v0x599acd258520_0;
    %pad/u 5;
    %sub;
    %split/vec4 4;
    %store/vec4 v0x599acd2588e0_0, 0, 4;
    %store/vec4 v0x599acd258780_0, 0, 1;
    %jmp T_2.49;
T_2.20 ;
    %load/vec4 v0x599acd258380_0;
    %pad/u 5;
    %load/vec4 v0x599acd258520_0;
    %pad/u 5;
    %xor;
    %split/vec4 4;
    %store/vec4 v0x599acd2588e0_0, 0, 4;
    %store/vec4 v0x599acd258780_0, 0, 1;
    %jmp T_2.49;
T_2.21 ;
    %load/vec4 v0x599acd258380_0;
    %pad/u 5;
    %load/vec4 v0x599acd258620_0;
    %pad/u 5;
    %subi 1, 0, 5;
    %and;
    %split/vec4 4;
    %store/vec4 v0x599acd2588e0_0, 0, 4;
    %store/vec4 v0x599acd258780_0, 0, 1;
    %jmp T_2.49;
T_2.22 ;
    %load/vec4 v0x599acd258380_0;
    %pad/u 5;
    %load/vec4 v0x599acd258620_0;
    %pad/u 5;
    %and;
    %split/vec4 4;
    %store/vec4 v0x599acd2588e0_0, 0, 4;
    %store/vec4 v0x599acd258780_0, 0, 1;
    %jmp T_2.49;
T_2.23 ;
    %load/vec4 v0x599acd258380_0;
    %pad/u 5;
    %load/vec4 v0x599acd258620_0;
    %pad/u 5;
    %and;
    %split/vec4 4;
    %store/vec4 v0x599acd2588e0_0, 0, 4;
    %store/vec4 v0x599acd258780_0, 0, 1;
    %jmp T_2.49;
T_2.24 ;
    %load/vec4 v0x599acd258380_0;
    %pad/u 5;
    %load/vec4 v0x599acd258380_0;
    %pad/u 5;
    %load/vec4 v0x599acd258520_0;
    %pad/u 5;
    %and;
    %add;
    %split/vec4 4;
    %store/vec4 v0x599acd2588e0_0, 0, 4;
    %store/vec4 v0x599acd258780_0, 0, 1;
    %jmp T_2.49;
T_2.25 ;
    %load/vec4 v0x599acd258380_0;
    %pad/u 5;
    %load/vec4 v0x599acd258380_0;
    %pad/u 5;
    %load/vec4 v0x599acd258520_0;
    %pad/u 5;
    %and;
    %add;
    %addi 1, 0, 5;
    %split/vec4 4;
    %store/vec4 v0x599acd2588e0_0, 0, 4;
    %store/vec4 v0x599acd258780_0, 0, 1;
    %jmp T_2.49;
T_2.26 ;
    %load/vec4 v0x599acd258460_0;
    %pad/u 5;
    %load/vec4 v0x599acd258520_0;
    %pad/u 5;
    %or;
    %split/vec4 4;
    %store/vec4 v0x599acd2588e0_0, 0, 4;
    %store/vec4 v0x599acd258780_0, 0, 1;
    %jmp T_2.49;
T_2.27 ;
    %load/vec4 v0x599acd258380_0;
    %pad/u 5;
    %load/vec4 v0x599acd258520_0;
    %pad/u 5;
    %add;
    %split/vec4 4;
    %store/vec4 v0x599acd2588e0_0, 0, 4;
    %store/vec4 v0x599acd258780_0, 0, 1;
    %jmp T_2.49;
T_2.28 ;
    %load/vec4 v0x599acd258380_0;
    %pad/u 5;
    %load/vec4 v0x599acd258520_0;
    %pad/u 5;
    %add;
    %addi 1, 0, 5;
    %split/vec4 4;
    %store/vec4 v0x599acd2588e0_0, 0, 4;
    %store/vec4 v0x599acd258780_0, 0, 1;
    %jmp T_2.49;
T_2.29 ;
    %load/vec4 v0x599acd258380_0;
    %pad/u 5;
    %load/vec4 v0x599acd258520_0;
    %pad/u 5;
    %xor;
    %inv;
    %split/vec4 4;
    %store/vec4 v0x599acd2588e0_0, 0, 4;
    %store/vec4 v0x599acd258780_0, 0, 1;
    %jmp T_2.49;
T_2.30 ;
    %load/vec4 v0x599acd258380_0;
    %pad/u 5;
    %load/vec4 v0x599acd258620_0;
    %pad/u 5;
    %or;
    %load/vec4 v0x599acd258380_0;
    %pad/u 5;
    %load/vec4 v0x599acd258520_0;
    %pad/u 5;
    %and;
    %add;
    %split/vec4 4;
    %store/vec4 v0x599acd2588e0_0, 0, 4;
    %store/vec4 v0x599acd258780_0, 0, 1;
    %jmp T_2.49;
T_2.31 ;
    %load/vec4 v0x599acd258380_0;
    %pad/u 5;
    %load/vec4 v0x599acd258620_0;
    %pad/u 5;
    %or;
    %load/vec4 v0x599acd258380_0;
    %pad/u 5;
    %load/vec4 v0x599acd258520_0;
    %pad/u 5;
    %and;
    %add;
    %addi 1, 0, 5;
    %split/vec4 4;
    %store/vec4 v0x599acd2588e0_0, 0, 4;
    %store/vec4 v0x599acd258780_0, 0, 1;
    %jmp T_2.49;
T_2.32 ;
    %load/vec4 v0x599acd258520_0;
    %pad/u 5;
    %split/vec4 4;
    %store/vec4 v0x599acd2588e0_0, 0, 4;
    %store/vec4 v0x599acd258780_0, 0, 1;
    %jmp T_2.49;
T_2.33 ;
    %load/vec4 v0x599acd258380_0;
    %pad/u 5;
    %load/vec4 v0x599acd258520_0;
    %pad/u 5;
    %and;
    %subi 1, 0, 5;
    %split/vec4 4;
    %store/vec4 v0x599acd2588e0_0, 0, 4;
    %store/vec4 v0x599acd258780_0, 0, 1;
    %jmp T_2.49;
T_2.34 ;
    %load/vec4 v0x599acd258380_0;
    %pad/u 5;
    %load/vec4 v0x599acd258520_0;
    %pad/u 5;
    %and;
    %split/vec4 4;
    %store/vec4 v0x599acd2588e0_0, 0, 4;
    %store/vec4 v0x599acd258780_0, 0, 1;
    %jmp T_2.49;
T_2.35 ;
    %load/vec4 v0x599acd258380_0;
    %pad/u 5;
    %load/vec4 v0x599acd258520_0;
    %pad/u 5;
    %and;
    %split/vec4 4;
    %store/vec4 v0x599acd2588e0_0, 0, 4;
    %store/vec4 v0x599acd258780_0, 0, 1;
    %jmp T_2.49;
T_2.36 ;
    %load/vec4 v0x599acd258380_0;
    %pad/u 5;
    %load/vec4 v0x599acd258460_0;
    %pad/u 5;
    %add;
    %split/vec4 4;
    %store/vec4 v0x599acd2588e0_0, 0, 4;
    %store/vec4 v0x599acd258780_0, 0, 1;
    %jmp T_2.49;
T_2.37 ;
    %load/vec4 v0x599acd258380_0;
    %pad/u 5;
    %load/vec4 v0x599acd258460_0;
    %pad/u 5;
    %add;
    %addi 1, 0, 5;
    %split/vec4 4;
    %store/vec4 v0x599acd2588e0_0, 0, 4;
    %store/vec4 v0x599acd258780_0, 0, 1;
    %jmp T_2.49;
T_2.38 ;
    %pushi/vec4 0, 0, 1;
    %store/vec4 v0x599acd258780_0, 0, 1;
    %pushi/vec4 1, 0, 4;
    %store/vec4 v0x599acd2588e0_0, 0, 4;
    %jmp T_2.49;
T_2.39 ;
    %load/vec4 v0x599acd258380_0;
    %pad/u 5;
    %load/vec4 v0x599acd258620_0;
    %pad/u 5;
    %or;
    %load/vec4 v0x599acd258380_0;
    %pad/u 5;
    %add;
    %split/vec4 4;
    %store/vec4 v0x599acd2588e0_0, 0, 4;
    %store/vec4 v0x599acd258780_0, 0, 1;
    %jmp T_2.49;
T_2.40 ;
    %load/vec4 v0x599acd258380_0;
    %pad/u 5;
    %load/vec4 v0x599acd258620_0;
    %pad/u 5;
    %or;
    %load/vec4 v0x599acd258380_0;
    %pad/u 5;
    %add;
    %addi 1, 0, 5;
    %split/vec4 4;
    %store/vec4 v0x599acd2588e0_0, 0, 4;
    %store/vec4 v0x599acd258780_0, 0, 1;
    %jmp T_2.49;
T_2.41 ;
    %load/vec4 v0x599acd258380_0;
    %pad/u 5;
    %load/vec4 v0x599acd258620_0;
    %pad/u 5;
    %or;
    %split/vec4 4;
    %store/vec4 v0x599acd2588e0_0, 0, 4;
    %store/vec4 v0x599acd258780_0, 0, 1;
    %jmp T_2.49;
T_2.42 ;
    %load/vec4 v0x599acd258380_0;
    %pad/u 5;
    %load/vec4 v0x599acd258520_0;
    %pad/u 5;
    %or;
    %load/vec4 v0x599acd258380_0;
    %pad/u 5;
    %add;
    %split/vec4 4;
    %store/vec4 v0x599acd2588e0_0, 0, 4;
    %store/vec4 v0x599acd258780_0, 0, 1;
    %jmp T_2.49;
T_2.43 ;
    %load/vec4 v0x599acd258380_0;
    %pad/u 5;
    %load/vec4 v0x599acd258520_0;
    %pad/u 5;
    %or;
    %load/vec4 v0x599acd258380_0;
    %pad/u 5;
    %add;
    %addi 1, 0, 5;
    %split/vec4 4;
    %store/vec4 v0x599acd2588e0_0, 0, 4;
    %store/vec4 v0x599acd258780_0, 0, 1;
    %jmp T_2.49;
T_2.44 ;
    %load/vec4 v0x599acd258380_0;
    %pad/u 5;
    %load/vec4 v0x599acd258520_0;
    %pad/u 5;
    %or;
    %split/vec4 4;
    %store/vec4 v0x599acd2588e0_0, 0, 4;
    %store/vec4 v0x599acd258780_0, 0, 1;
    %jmp T_2.49;
T_2.45 ;
    %load/vec4 v0x599acd258380_0;
    %pad/u 5;
    %subi 1, 0, 5;
    %split/vec4 4;
    %store/vec4 v0x599acd2588e0_0, 0, 4;
    %store/vec4 v0x599acd258780_0, 0, 1;
    %jmp T_2.49;
T_2.46 ;
    %load/vec4 v0x599acd258380_0;
    %pad/u 5;
    %split/vec4 4;
    %store/vec4 v0x599acd2588e0_0, 0, 4;
    %store/vec4 v0x599acd258780_0, 0, 1;
    %jmp T_2.49;
T_2.47 ;
    %load/vec4 v0x599acd258380_0;
    %pad/u 5;
    %split/vec4 4;
    %store/vec4 v0x599acd2588e0_0, 0, 4;
    %store/vec4 v0x599acd258780_0, 0, 1;
    %jmp T_2.49;
T_2.49 ;
    %pop/vec4 1;
    %jmp T_2;
    .thread T_2, $push;
    .scope S_0x599acd201990;
T_3 ;
    %vpi_call 2 17 "$dumpfile", "alu.vcd" {0 0 0};
    %vpi_call 2 18 "$dumpvars", 32'sb00000000000000000000000000000000, S_0x599acd201990 {0 0 0};
    %delay 100, 0;
    %vpi_func 2 21 "$random" 32 {0 0 0};
    %pushi/vec4 4, 0, 32;
    %mod/s;
    %pad/s 4;
    %store/vec4 v0x599acd259020_0, 0, 4;
    %vpi_func 2 21 "$random" 32 {0 0 0};
    %pushi/vec4 4, 0, 32;
    %mod/s;
    %pad/s 4;
    %store/vec4 v0x599acd259100_0, 0, 4;
    %pushi/vec4 5, 0, 32;
T_3.0 %dup/vec4;
    %pushi/vec4 0, 0, 32;
    %cmp/s;
    %jmp/1xz T_3.1, 5;
    %jmp/1 T_3.1, 4;
    %pushi/vec4 1, 0, 32;
    %sub;
    %vpi_func 2 25 "$random" 32 {0 0 0};
    %pushi/vec4 6, 0, 32;
    %mod/s;
    %pad/s 6;
    %split/vec4 1;
    %store/vec4 v0x599acd259210_0, 0, 1;
    %split/vec4 1;
    %store/vec4 v0x599acd259620_0, 0, 1;
    %store/vec4 v0x599acd259760_0, 0, 4;
    %delay 100, 0;
    %jmp T_3.0;
T_3.1 ;
    %pop/vec4 1;
    %vpi_call 2 28 "$finish" {0 0 0};
    %end;
    .thread T_3;
# The file index is used to find the file name in the following table.
:file_names 5;
    "N/A";
    "<interactive>";
    "alu_tb.v";
    "./alu.v";
    "./adder.v";
