#! /usr/bin/vvp
:ivl_version "10.2 (stable)";
:ivl_delay_selection "TYPICAL";
:vpi_time_precision - 3;
:vpi_module "system";
:vpi_module "vhdl_sys";
:vpi_module "v2005_math";
:vpi_module "va_math";
S_0x595c382d9880 .scope module, "or2_tb" "or2_tb" 2 5;
 .timescale -2 -3;
v0x595c382fd110_0 .var "a", 0 0;
v0x595c382fd1e0_0 .var "b", 0 0;
v0x595c382fd2b0_0 .net "y", 0 0, L_0x595c382fd3b0;  1 drivers
S_0x595c382d9a00 .scope module, "gate" "or2" 2 9, 3 1 0, S_0x595c382d9880;
 .timescale -2 -3;
    .port_info 0 /OUTPUT 1 "y"
    .port_info 1 /INPUT 1 "a"
    .port_info 2 /INPUT 1 "b"
L_0x595c382fd3b0 .functor OR 1, v0x595c382fd110_0, v0x595c382fd1e0_0, C4<0>, C4<0>;
v0x595c382a40f0_0 .net "a", 0 0, v0x595c382fd110_0;  1 drivers
v0x595c382fcf30_0 .net "b", 0 0, v0x595c382fd1e0_0;  1 drivers
v0x595c382fcff0_0 .net "y", 0 0, L_0x595c382fd3b0;  alias, 1 drivers
    .scope S_0x595c382d9880;
T_0 ;
    %vpi_call 2 12 "$dumpfile", "or2.vcd" {0 0 0};
    %vpi_call 2 13 "$dumpvars", 32'sb00000000000000000000000000000000, S_0x595c382d9880 {0 0 0};
    %delay 100, 0;
    %pushi/vec4 0, 0, 1;
    %store/vec4 v0x595c382fd110_0, 0, 1;
    %pushi/vec4 0, 0, 1;
    %store/vec4 v0x595c382fd1e0_0, 0, 1;
    %delay 1000, 0;
    %vpi_call 2 16 "$finish" {0 0 0};
    %end;
    .thread T_0;
    .scope S_0x595c382d9880;
T_1 ;
    %delay 100, 0;
    %load/vec4 v0x595c382fd110_0;
    %inv;
    %store/vec4 v0x595c382fd110_0, 0, 1;
    %jmp T_1;
    .thread T_1;
    .scope S_0x595c382d9880;
T_2 ;
    %delay 50, 0;
    %load/vec4 v0x595c382fd1e0_0;
    %inv;
    %store/vec4 v0x595c382fd1e0_0, 0, 1;
    %jmp T_2;
    .thread T_2;
# The file index is used to find the file name in the following table.
:file_names 4;
    "N/A";
    "<interactive>";
    "or2_tb.v";
    "./or2.v";
