#! /usr/bin/vvp
:ivl_version "10.2 (stable)";
:ivl_delay_selection "TYPICAL";
:vpi_time_precision - 3;
:vpi_module "system";
:vpi_module "vhdl_sys";
:vpi_module "v2005_math";
:vpi_module "va_math";
S_0x5922bcedaf90 .scope module, "pipe_ex_tb" "pipe_ex_tb" 2 4;
 .timescale -2 -3;
v0x5922bcf0f420_0 .net "Z", 15 0, L_0x5922bcf0faf0;  1 drivers
v0x5922bcf0f500_0 .var "addr", 7 0;
v0x5922bcf0f5a0_0 .var "clk1", 0 0;
v0x5922bcf0f670_0 .var "clk2", 0 0;
v0x5922bcf0f740_0 .var "func", 3 0;
v0x5922bcf0f7e0_0 .var/i "k", 31 0;
v0x5922bcf0f880_0 .var "rd", 3 0;
v0x5922bcf0f950_0 .var "rs1", 3 0;
v0x5922bcf0fa20_0 .var "rs2", 3 0;
S_0x5922bcedb110 .scope module, "pipe" "pipe_ex" 2 13, 3 1 0, S_0x5922bcedaf90;
 .timescale -2 -3;
    .port_info 0 /OUTPUT 16 "Zout"
    .port_info 1 /INPUT 4 "rs1"
    .port_info 2 /INPUT 4 "rs2"
    .port_info 3 /INPUT 4 "rd"
    .port_info 4 /INPUT 4 "func"
    .port_info 5 /INPUT 8 "addr"
    .port_info 6 /INPUT 1 "clk1"
    .port_info 7 /INPUT 1 "clk2"
L_0x5922bcf0faf0 .functor BUFZ 16, v0x5922bcf0e920_0, C4<0000000000000000>, C4<0000000000000000>, C4<0000000000000000>;
v0x5922bcee6230_0 .var "L12_A", 15 0;
v0x5922bcee92f0_0 .var "L12_B", 15 0;
v0x5922bcf0e3b0_0 .var "L12_addr", 7 0;
v0x5922bcf0e470_0 .var "L12_func", 3 0;
v0x5922bcf0e550_0 .var "L12_rd", 3 0;
v0x5922bcf0e680_0 .var "L23_Z", 15 0;
v0x5922bcf0e760_0 .var "L23_addr", 7 0;
v0x5922bcf0e840_0 .var "L23_rd", 3 0;
v0x5922bcf0e920_0 .var "L34_Z", 15 0;
v0x5922bcf0ea00_0 .var "L34_addr", 7 0;
v0x5922bcf0eae0_0 .net "Zout", 15 0, L_0x5922bcf0faf0;  alias, 1 drivers
v0x5922bcf0ebc0_0 .net "addr", 7 0, v0x5922bcf0f500_0;  1 drivers
v0x5922bcf0eca0_0 .net "clk1", 0 0, v0x5922bcf0f5a0_0;  1 drivers
v0x5922bcf0ed60_0 .net "clk2", 0 0, v0x5922bcf0f670_0;  1 drivers
v0x5922bcf0ee20_0 .net "func", 3 0, v0x5922bcf0f740_0;  1 drivers
v0x5922bcf0ef00 .array "mem", 255 0, 15 0;
v0x5922bcf0efc0_0 .net "rd", 3 0, v0x5922bcf0f880_0;  1 drivers
v0x5922bcf0f0a0 .array "regbank", 15 0, 15 0;
v0x5922bcf0f160_0 .net "rs1", 3 0, v0x5922bcf0f950_0;  1 drivers
v0x5922bcf0f240_0 .net "rs2", 3 0, v0x5922bcf0fa20_0;  1 drivers
E_0x5922bced2bb0 .event posedge, v0x5922bcf0ed60_0;
E_0x5922bced47d0 .event posedge, v0x5922bcf0eca0_0;
    .scope S_0x5922bcedb110;
T_0 ;
    %wait E_0x5922bced47d0;
    %load/vec4 v0x5922bcf0f160_0;
    %pad/u 6;
    %ix/vec4 4;
    %load/vec4a v0x5922bcf0f0a0, 4;
    %assign/vec4 v0x5922bcee6230_0, 20;
    %load/vec4 v0x5922bcf0f240_0;
    %pad/u 6;
    %ix/vec4 4;
    %load/vec4a v0x5922bcf0f0a0, 4;
    %assign/vec4 v0x5922bcee92f0_0, 20;
    %load/vec4 v0x5922bcf0efc0_0;
    %assign/vec4 v0x5922bcf0e550_0, 20;
    %load/vec4 v0x5922bcf0ee20_0;
    %assign/vec4 v0x5922bcf0e470_0, 20;
    %load/vec4 v0x5922bcf0ebc0_0;
    %assign/vec4 v0x5922bcf0e3b0_0, 20;
    %jmp T_0;
    .thread T_0;
    .scope S_0x5922bcedb110;
T_1 ;
    %wait E_0x5922bced2bb0;
    %load/vec4 v0x5922bcf0e470_0;
    %dup/vec4;
    %pushi/vec4 0, 0, 4;
    %cmp/u;
    %jmp/1 T_1.0, 6;
    %dup/vec4;
    %pushi/vec4 1, 0, 4;
    %cmp/u;
    %jmp/1 T_1.1, 6;
    %dup/vec4;
    %pushi/vec4 2, 0, 4;
    %cmp/u;
    %jmp/1 T_1.2, 6;
    %dup/vec4;
    %pushi/vec4 3, 0, 4;
    %cmp/u;
    %jmp/1 T_1.3, 6;
    %dup/vec4;
    %pushi/vec4 4, 0, 4;
    %cmp/u;
    %jmp/1 T_1.4, 6;
    %dup/vec4;
    %pushi/vec4 5, 0, 4;
    %cmp/u;
    %jmp/1 T_1.5, 6;
    %dup/vec4;
    %pushi/vec4 6, 0, 4;
    %cmp/u;
    %jmp/1 T_1.6, 6;
    %dup/vec4;
    %pushi/vec4 7, 0, 4;
    %cmp/u;
    %jmp/1 T_1.7, 6;
    %dup/vec4;
    %pushi/vec4 8, 0, 4;
    %cmp/u;
    %jmp/1 T_1.8, 6;
    %dup/vec4;
    %pushi/vec4 9, 0, 4;
    %cmp/u;
    %jmp/1 T_1.9, 6;
    %dup/vec4;
    %pushi/vec4 10, 0, 4;
    %cmp/u;
    %jmp/1 T_1.10, 6;
    %dup/vec4;
    %pushi/vec4 11, 0, 4;
    %cmp/u;
    %jmp/1 T_1.11, 6;
    %pushi/vec4 65535, 65535, 16;
    %assign/vec4 v0x5922bcf0e680_0, 0;
    %jmp T_1.13;
T_1.0 ;
    %load/vec4 v0x5922bcee6230_0;
    %load/vec4 v0x5922bcee92f0_0;
    %add;
    %assign/vec4 v0x5922bcf0e680_0, 20;
    %jmp T_1.13;
T_1.1 ;
    %load/vec4 v0x5922bcee6230_0;
    %load/vec4 v0x5922bcee92f0_0;
    %sub;
    %assign/vec4 v0x5922bcf0e680_0, 20;
    %jmp T_1.13;
T_1.2 ;
    %load/vec4 v0x5922bcee6230_0;
    %load/vec4 v0x5922bcee92f0_0;
    %mul;
    %assign/vec4 v0x5922bcf0e680_0, 20;
    %jmp T_1.13;
T_1.3 ;
    %load/vec4 v0x5922bcee6230_0;
    %assign/vec4 v0x5922bcf0e680_0, 20;
    %jmp T_1.13;
T_1.4 ;
    %load/vec4 v0x5922bcee92f0_0;
    %assign/vec4 v0x5922bcf0e680_0, 20;
    %jmp T_1.13;
T_1.5 ;
    %load/vec4 v0x5922bcee6230_0;
    %load/vec4 v0x5922bcee92f0_0;
    %and;
    %assign/vec4 v0x5922bcf0e680_0, 20;
    %jmp T_1.13;
T_1.6 ;
    %load/vec4 v0x5922bcee6230_0;
    %load/vec4 v0x5922bcee92f0_0;
    %or;
    %assign/vec4 v0x5922bcf0e680_0, 20;
    %jmp T_1.13;
T_1.7 ;
    %load/vec4 v0x5922bcee6230_0;
    %load/vec4 v0x5922bcee92f0_0;
    %xor;
    %assign/vec4 v0x5922bcf0e680_0, 20;
    %jmp T_1.13;
T_1.8 ;
    %load/vec4 v0x5922bcee6230_0;
    %inv;
    %pushi/vec4 1, 0, 16;
    %add;
    %assign/vec4 v0x5922bcf0e680_0, 20;
    %jmp T_1.13;
T_1.9 ;
    %load/vec4 v0x5922bcee92f0_0;
    %inv;
    %pushi/vec4 1, 0, 16;
    %add;
    %assign/vec4 v0x5922bcf0e680_0, 20;
    %jmp T_1.13;
T_1.10 ;
    %load/vec4 v0x5922bcee6230_0;
    %ix/load 4, 1, 0;
    %flag_set/imm 4, 0;
    %shiftr 4;
    %assign/vec4 v0x5922bcf0e680_0, 20;
    %jmp T_1.13;
T_1.11 ;
    %load/vec4 v0x5922bcee6230_0;
    %ix/load 4, 1, 0;
    %flag_set/imm 4, 0;
    %shiftl 4;
    %assign/vec4 v0x5922bcf0e680_0, 20;
    %jmp T_1.13;
T_1.13 ;
    %pop/vec4 1;
    %load/vec4 v0x5922bcf0e550_0;
    %assign/vec4 v0x5922bcf0e840_0, 0;
    %load/vec4 v0x5922bcf0e3b0_0;
    %assign/vec4 v0x5922bcf0e760_0, 0;
    %jmp T_1;
    .thread T_1;
    .scope S_0x5922bcedb110;
T_2 ;
    %wait E_0x5922bced47d0;
    %load/vec4 v0x5922bcf0e680_0;
    %load/vec4 v0x5922bcf0e840_0;
    %pad/u 6;
    %ix/vec4 3;
    %ix/load 4, 20, 0; Constant delay
    %assign/vec4/a/d v0x5922bcf0f0a0, 0, 4;
    %load/vec4 v0x5922bcf0e680_0;
    %assign/vec4 v0x5922bcf0e920_0, 20;
    %load/vec4 v0x5922bcf0e760_0;
    %assign/vec4 v0x5922bcf0ea00_0, 20;
    %jmp T_2;
    .thread T_2;
    .scope S_0x5922bcedb110;
T_3 ;
    %wait E_0x5922bced2bb0;
    %load/vec4 v0x5922bcf0e920_0;
    %load/vec4 v0x5922bcf0ea00_0;
    %pad/u 10;
    %ix/vec4 3;
    %ix/load 4, 20, 0; Constant delay
    %assign/vec4/a/d v0x5922bcf0ef00, 0, 4;
    %jmp T_3;
    .thread T_3;
    .scope S_0x5922bcedaf90;
T_4 ;
    %pushi/vec4 0, 0, 1;
    %store/vec4 v0x5922bcf0f5a0_0, 0, 1;
    %pushi/vec4 0, 0, 1;
    %store/vec4 v0x5922bcf0f670_0, 0, 1;
    %pushi/vec4 20, 0, 32;
T_4.0 %dup/vec4;
    %pushi/vec4 0, 0, 32;
    %cmp/s;
    %jmp/1xz T_4.1, 5;
    %jmp/1 T_4.1, 4;
    %pushi/vec4 1, 0, 32;
    %sub;
    %delay 50, 0;
    %pushi/vec4 1, 0, 1;
    %store/vec4 v0x5922bcf0f5a0_0, 0, 1;
    %delay 50, 0;
    %pushi/vec4 0, 0, 1;
    %store/vec4 v0x5922bcf0f5a0_0, 0, 1;
    %delay 50, 0;
    %pushi/vec4 1, 0, 1;
    %store/vec4 v0x5922bcf0f670_0, 0, 1;
    %delay 50, 0;
    %pushi/vec4 0, 0, 1;
    %store/vec4 v0x5922bcf0f670_0, 0, 1;
    %jmp T_4.0;
T_4.1 ;
    %pop/vec4 1;
    %end;
    .thread T_4;
    .scope S_0x5922bcedaf90;
T_5 ;
    %pushi/vec4 0, 0, 32;
    %store/vec4 v0x5922bcf0f7e0_0, 0, 32;
T_5.0 ;
    %load/vec4 v0x5922bcf0f7e0_0;
    %cmpi/s 16, 0, 32;
    %jmp/0xz T_5.1, 5;
    %load/vec4 v0x5922bcf0f7e0_0;
    %pad/s 16;
    %ix/getv/s 4, v0x5922bcf0f7e0_0;
    %store/vec4a v0x5922bcf0f0a0, 4, 0;
    %load/vec4 v0x5922bcf0f7e0_0;
    %addi 1, 0, 32;
    %store/vec4 v0x5922bcf0f7e0_0, 0, 32;
    %jmp T_5.0;
T_5.1 ;
    %end;
    .thread T_5;
    .scope S_0x5922bcedaf90;
T_6 ;
    %delay 50, 0;
    %pushi/vec4 3, 0, 4;
    %store/vec4 v0x5922bcf0f950_0, 0, 4;
    %pushi/vec4 5, 0, 4;
    %store/vec4 v0x5922bcf0fa20_0, 0, 4;
    %pushi/vec4 10, 0, 4;
    %store/vec4 v0x5922bcf0f880_0, 0, 4;
    %pushi/vec4 0, 0, 4;
    %store/vec4 v0x5922bcf0f740_0, 0, 4;
    %pushi/vec4 125, 0, 8;
    %store/vec4 v0x5922bcf0f500_0, 0, 8;
    %delay 200, 0;
    %pushi/vec4 3, 0, 4;
    %store/vec4 v0x5922bcf0f950_0, 0, 4;
    %pushi/vec4 8, 0, 4;
    %store/vec4 v0x5922bcf0fa20_0, 0, 4;
    %pushi/vec4 12, 0, 4;
    %store/vec4 v0x5922bcf0f880_0, 0, 4;
    %pushi/vec4 2, 0, 4;
    %store/vec4 v0x5922bcf0f740_0, 0, 4;
    %pushi/vec4 126, 0, 8;
    %store/vec4 v0x5922bcf0f500_0, 0, 8;
    %delay 200, 0;
    %pushi/vec4 10, 0, 4;
    %store/vec4 v0x5922bcf0f950_0, 0, 4;
    %pushi/vec4 5, 0, 4;
    %store/vec4 v0x5922bcf0fa20_0, 0, 4;
    %pushi/vec4 14, 0, 4;
    %store/vec4 v0x5922bcf0f880_0, 0, 4;
    %pushi/vec4 1, 0, 4;
    %store/vec4 v0x5922bcf0f740_0, 0, 4;
    %pushi/vec4 128, 0, 8;
    %store/vec4 v0x5922bcf0f500_0, 0, 8;
    %delay 600, 0;
    %pushi/vec4 125, 0, 32;
    %store/vec4 v0x5922bcf0f7e0_0, 0, 32;
T_6.0 ;
    %load/vec4 v0x5922bcf0f7e0_0;
    %cmpi/s 129, 0, 32;
    %jmp/0xz T_6.1, 5;
    %vpi_call 2 35 "$display", "Mem[%3d], %3d", v0x5922bcf0f7e0_0, &A<v0x5922bcf0ef00, v0x5922bcf0f7e0_0 > {0 0 0};
    %load/vec4 v0x5922bcf0f7e0_0;
    %addi 1, 0, 32;
    %store/vec4 v0x5922bcf0f7e0_0, 0, 32;
    %jmp T_6.0;
T_6.1 ;
    %end;
    .thread T_6;
    .scope S_0x5922bcedaf90;
T_7 ;
    %vpi_call 2 39 "$dumpfile", "pipe_ex.vcd" {0 0 0};
    %vpi_call 2 40 "$dumpvars", 32'sb00000000000000000000000000000000, S_0x5922bcedaf90 {0 0 0};
    %vpi_call 2 41 "$monitor", "Time: %3d, F = %3d", $time, v0x5922bcf0f420_0 {0 0 0};
    %delay 3000, 0;
    %vpi_call 2 42 "$finish" {0 0 0};
    %end;
    .thread T_7;
# The file index is used to find the file name in the following table.
:file_names 4;
    "N/A";
    "<interactive>";
    "pipe_ex_tb.v";
    "./pipe_ex.v";
